<?xml version="1.0" encoding="UTF-8"?>
<testsuite xmlns:xsi="http://www.w3.org/2001/XMLSchema-instance" xsi:noNamespaceSchemaLocation="https://maven.apache.org/surefire/maven-surefire-plugin/xsd/surefire-test-report.xsd" name="cucumberOptions.TestRunner" time="3.118" tests="9" errors="0" skipped="0" failures="0">
  <properties>
[...]
</properties>
  <testcase name="Home Page Default content on Web" classname="Home Page" time="0.252"/>
  <testcase name="GitHub account REST Service" classname="Home Page" time="0.032"/>
  <testcase name="Home page default login" classname="Application Login" time="0.046"/>
  <testcase name="Home page invalid user login" classname="Application Login" time="0.026"/>
  <testcase name="Successful login with valid credentials #1" classname="Application login - Feature" time="0.042"/>
  <testcase name="Successful login with valid credentials #2" classname="Application login - Feature" time="0.033"/>
  <testcase name="Successful login with valid credentials #3" classname="Application login - Feature" time="0.039"/>
  <testcase name="Successful login with valid credentials #4" classname="Application login - Feature" time="0.027"/>
  <testcase name="User makes a successful payment with a valid credit card" classname="Make Payment" time="0.059"/>
</testsuite>