<?xml version="1.0" encoding="UTF-8"?>
<testsuite name="Cucumber" time="0.855" tests="6" skipped="0" failures="0" errors="0">
<testcase classname="Home Page" name="Home Page Default content on Web" time="0.1">
<system-out><![CDATA[
Given user is on Application home page......................................passed
Then user gets a GitHub Bootcamp section....................................passed
]]></system-out>
</testcase>
<testcase classname="Home Page" name="GitHub account REST Service" time="0.008">
<system-out><![CDATA[
Given user is on Application home page......................................passed
When user sends a GET request...............................................passed
]]></system-out>
</testcase>
<testcase classname="Application login - Feature" name="Successful login with valid credentials - #1.1" time="0.097">
<system-out><![CDATA[
Given Validate the browser..................................................passed
When Browser is triggered...................................................passed
Then Check if browser is started or not.....................................passed
Given the user is on the login page.........................................passed
When the user enters username "user1" and password "password123"............passed
And clicks the login button.................................................passed
Then the user should be redirected to the dashboard.........................passed
]]></system-out>
</testcase>
<testcase classname="Application login - Feature" name="Successful login with valid credentials - #1.2" time="0.014">
<system-out><![CDATA[
Given Validate the browser..................................................passed
When Browser is triggered...................................................passed
Then Check if browser is started or not.....................................passed
Given the user is on the login page.........................................passed
When the user enters username "user2" and password "password456"............passed
And clicks the login button.................................................passed
Then the user should be redirected to the dashboard.........................passed
]]></system-out>
</testcase>
<testcase classname="Application login - Feature" name="Successful login with valid credentials - #1.3" time="0.006">
<system-out><![CDATA[
Given Validate the browser..................................................passed
When Browser is triggered...................................................passed
Then Check if browser is started or not.....................................passed
Given the user is on the login page.........................................passed
When the user enters username "user3" and password "password789"............passed
And clicks the login button.................................................passed
Then the user should be redirected to the dashboard.........................passed
]]></system-out>
</testcase>
<testcase classname="Application login - Feature" name="Successful login with valid credentials" time="0.007">
<system-out><![CDATA[
Given Validate the browser..................................................passed
When Browser is triggered...................................................passed
Then Check if browser is started or not.....................................passed
Given the user is on dashboard page.........................................passed
When clicks on logout button................................................passed
Then the user should be redirected to the login page........................passed
]]></system-out>
</testcase>
</testsuite>
